<?xml version="1.0" encoding="UTF-8"?>
<!-- Generated by org.testng.reporters.JUnitReportReporter -->
<testsuite hostname="DESKTOP-LANNSOB" failures="0" tests="3" name="testng.Two" time="0.083" errors="0" timestamp="2023-09-19T15:53:19 IST" skipped="0">
  <testcase classname="testng.Two" name="Scenirio2" time="0.053"/>
  <testcase classname="testng.Two" name="Scenirio3" time="0.010"/>
  <testcase classname="testng.Two" name="Scenirio1" time="0.020"/>
</testsuite> <!-- testng.Two -->
