<?xml version="1.0" encoding="UTF-8"?>
<!-- Generated by org.testng.reporters.JUnitReportReporter -->
<testsuite hostname="DESKTOP-LANNSOB" failures="0" tests="1" name="Testing.ConLinkPrininGoogle" time="33.477" errors="0" timestamp="2023-10-30T12:39:15 IST" skipped="0">
  <testcase classname="Testing.ConLinkPrininGoogle" name="links" time="33.477"/>
</testsuite> <!-- Testing.ConLinkPrininGoogle -->
