<?xml version="1.0" encoding="UTF-8"?>
<!-- Generated by org.testng.reporters.JUnitReportReporter -->
<testsuite hostname="DESKTOP-LANNSOB" failures="0" tests="1" name="testng.India_Screenshot" time="11.222" errors="0" timestamp="2023-09-20T13:32:13 IST" skipped="0">
  <testcase classname="testng.India_Screenshot" name="Screenshot1" time="11.222"/>
</testsuite> <!-- testng.India_Screenshot -->
