<?xml version="1.0" encoding="UTF-8"?>
<!-- Generated by org.testng.reporters.JUnitReportReporter -->
<testsuite hostname="DESKTOP-LANNSOB" failures="0" tests="1" name="Testing.Testcase1" time="15.079" errors="0" timestamp="2023-10-21T16:15:27 IST" skipped="0">
  <testcase classname="Testing.Testcase1" name="scnerio1" time="15.079">
    <system-out>
      <![CDATA[My test has started
Test case Stareted]]>
    </system-out>
  </testcase> <!-- scnerio1 -->
  <system-out>
    <![CDATA[My test has started
Test case Stareted]]>
  </system-out>
</testsuite> <!-- Testing.Testcase1 -->
