<?xml version="1.0" encoding="UTF-8"?>
<!-- Generated by org.testng.reporters.JUnitReportReporter -->
<testsuite hostname="DESKTOP-LANNSOB" failures="0" tests="1" name="Testing.ConDropdownNames" time="18.123" errors="0" timestamp="2023-10-28T14:16:56 IST" skipped="0">
  <testcase classname="Testing.ConDropdownNames" name="dropdownnames" time="18.123"/>
</testsuite> <!-- Testing.ConDropdownNames -->
