<?xml version="1.0" encoding="UTF-8"?>
<!-- Generated by org.testng.reporters.JUnitReportReporter -->
<testsuite hostname="DESKTOP-LANNSOB" failures="0" tests="1" name="Package2.Assignment79" time="25.756" errors="0" timestamp="2023-09-25T14:37:12 IST" skipped="0">
  <testcase classname="Package2.Assignment79" name="nakuri" time="25.756"/>
</testsuite> <!-- Package2.Assignment79 -->
