<?xml version="1.0" encoding="UTF-8"?>
<!-- Generated by org.testng.reporters.JUnitReportReporter -->
<testsuite hostname="DESKTOP-LANNSOB" failures="0" tests="1" name="testng.BaliScreenshot" time="30.095" errors="0" timestamp="2023-09-20T13:32:13 IST" skipped="0">
  <testcase classname="testng.BaliScreenshot" name="Screenshot3" time="30.095"/>
</testsuite> <!-- testng.BaliScreenshot -->
