<?xml version="1.0" encoding="UTF-8"?>
<!-- Generated by org.testng.reporters.JUnitReportReporter -->
<testsuite hostname="DESKTOP-LANNSOB" failures="0" tests="2" name="Testing.FbUsingDataProvider" time="0.024" errors="0" timestamp="2023-10-22T11:01:40 IST" skipped="0">
  <testcase classname="Testing.FbUsingDataProvider" name="test1" time="0.011"/>
  <testcase classname="Testing.FbUsingDataProvider" name="test1" time="0.013"/>
</testsuite> <!-- Testing.FbUsingDataProvider -->
