<?xml version="1.0" encoding="UTF-8"?>
<!-- Generated by org.testng.reporters.JUnitReportReporter -->
<testsuite hostname="DESKTOP-LANNSOB" failures="0" tests="1" name="testng.Assignment107" time="1.707" errors="0" timestamp="2023-09-25T15:24:39 IST" skipped="0">
  <testcase classname="testng.Assignment107" name="Numbertotextconverter" time="1.707"/>
</testsuite> <!-- testng.Assignment107 -->
