<?xml version="1.0" encoding="UTF-8"?>
<!-- Generated by org.testng.reporters.JUnitReportReporter -->
<testsuite hostname="DESKTOP-LANNSOB" failures="0" tests="1" name="Testing.ConLinkprinting" time="10.397" errors="0" timestamp="2023-10-29T17:39:45 IST" skipped="0">
  <testcase classname="Testing.ConLinkprinting" name="add" time="10.397"/>
</testsuite> <!-- Testing.ConLinkprinting -->
