<?xml version="1.0" encoding="UTF-8"?>
<!-- Generated by org.testng.reporters.JUnitReportReporter -->
<testsuite hostname="DESKTOP-LANNSOB" failures="0" tests="1" name="Testing.Printin_links" time="25.831" errors="0" timestamp="2023-10-21T14:19:53 IST" skipped="0">
  <testcase classname="Testing.Printin_links" name="links" time="25.831"/>
</testsuite> <!-- Testing.Printin_links -->
