<?xml version="1.0" encoding="UTF-8"?>
<!-- Generated by org.testng.reporters.JUnitReportReporter -->
<testsuite hostname="DESKTOP-LANNSOB" failures="0" tests="2" name="testng.One" time="0.039" errors="0" timestamp="2023-09-19T15:53:19 IST" skipped="0">
  <testcase classname="testng.One" name="launch" time="0.024"/>
  <testcase classname="testng.One" name="quit" time="0.015"/>
</testsuite> <!-- testng.One -->
