<?xml version="1.0" encoding="UTF-8"?>
<!-- Generated by org.testng.reporters.JUnitReportReporter -->
<testsuite hostname="DESKTOP-LANNSOB" failures="0" tests="7" name="Testing.TestDataProvider" time="0.057" errors="0" timestamp="2023-10-30T12:17:26 IST" skipped="0">
  <testcase classname="Testing.TestDataProvider" name="test2" time="0.005"/>
  <testcase classname="Testing.TestDataProvider" name="test1" time="0.003"/>
  <testcase classname="Testing.TestDataProvider" name="test1" time="0.019"/>
  <testcase classname="Testing.TestDataProvider" name="test2" time="0.005"/>
  <testcase classname="Testing.TestDataProvider" name="test2" time="0.004"/>
  <testcase classname="Testing.TestDataProvider" name="test2" time="0.016"/>
  <testcase classname="Testing.TestDataProvider" name="test2" time="0.005"/>
</testsuite> <!-- Testing.TestDataProvider -->
