<?xml version="1.0" encoding="UTF-8"?>
<!-- Generated by org.testng.reporters.JUnitReportReporter -->
<testsuite hostname="DESKTOP-LANNSOB" failures="0" tests="1" name="testng.AfterClass" time="0.017" errors="0" timestamp="2023-09-19T15:53:19 IST" skipped="0">
  <testcase classname="testng.AfterClass" name="testcase1" time="0.017"/>
</testsuite> <!-- testng.AfterClass -->
