<?xml version="1.0" encoding="UTF-8"?>
<!-- Generated by org.testng.reporters.JUnitReportReporter -->
<testsuite hostname="DESKTOP-LANNSOB" failures="0" tests="1" name="Ddt.ExcelSheet1" time="2.748" errors="0" timestamp="2023-10-20T12:00:58 IST" skipped="0">
  <testcase classname="Ddt.ExcelSheet1" name="add" time="2.748"/>
</testsuite> <!-- Ddt.ExcelSheet1 -->
