<?xml version="1.0" encoding="UTF-8"?>
<!-- Generated by org.testng.reporters.JUnitReportReporter -->
<testsuite hostname="DESKTOP-LANNSOB" failures="0" tests="1" name="testng.Math_class" time="0.015" errors="0" timestamp="2023-09-19T15:53:18 IST" skipped="0">
  <testcase classname="testng.Math_class" name="testcase1" time="0.015"/>
</testsuite> <!-- testng.Math_class -->
