<?xml version="1.0" encoding="UTF-8"?>
<!-- Generated by org.testng.reporters.JUnitReportReporter -->
<testsuite hostname="DESKTOP-LANNSOB" failures="0" tests="2" name="testng.Annou" time="0.088" errors="0" timestamp="2023-09-19T15:53:18 IST" skipped="0">
  <testcase classname="testng.Annou" name="xyz" time="0.008"/>
  <testcase classname="testng.Annou" name="zam" time="0.080"/>
</testsuite> <!-- testng.Annou -->
