<?xml version="1.0" encoding="UTF-8"?>
<!-- Generated by org.testng.reporters.JUnitReportReporter -->
<testsuite hostname="DESKTOP-LANNSOB" failures="0" tests="1" name="Testing.Robort_class" time="24.308" errors="0" timestamp="2023-10-21T21:48:21 IST" skipped="0">
  <testcase classname="Testing.Robort_class" name="rightclick" time="24.308"/>
</testsuite> <!-- Testing.Robort_class -->
