<?xml version="1.0" encoding="UTF-8"?>
<!-- Generated by org.testng.reporters.JUnitReportReporter -->
<testsuite hostname="DESKTOP-LANNSOB" failures="0" tests="1" name="Amazon_test.TestCase4" time="14.777" errors="0" timestamp="2023-10-19T18:35:59 IST" skipped="0">
  <testcase classname="Amazon_test.TestCase4" name="login_amazon" time="14.777"/>
</testsuite> <!-- Amazon_test.TestCase4 -->
